<?xml version="1.0" encoding="UTF-8"?>
<!-- Generated by org.testng.reporters.JUnitXMLReporter -->
<testsuite hostname="Shivansh-PC" ignored="0" name="Test" tests="6" failures="0" timestamp="06 Aug 2022 14:02:58 GMT" time="76.297" errors="0">
  <testcase name="test2" time="16.741" classname="testcases.ParellelExecution"/>
  <testcase name="test3" time="57.252" classname="testcases.ParellelExecution"/>
  <testcase name="test1" time="59.257" classname="testcases.ParellelExecution"/>
  <testcase name="test6" time="67.523" classname="testcases.ParellelExecution"/>
  <testcase name="test4" time="71.666" classname="testcases.ParellelExecution"/>
  <testcase name="test5" time="76.249" classname="testcases.ParellelExecution"/>
</testsuite> <!-- Test -->
