<?xml version="1.0" encoding="UTF-8"?>
<testng-results skipped="0" failed="0" ignored="0" total="1" passed="1">
  <reporter-output>
  </reporter-output>
  <suite name="Default suite" duration-ms="10641" started-at="2022-08-09T01:55:35Z" finished-at="2022-08-09T01:55:45Z">
    <groups>
    </groups>
    <test name="Default test" duration-ms="10641" started-at="2022-08-09T01:55:35Z" finished-at="2022-08-09T01:55:45Z">
      <class name="testcases.ActionsClass">
        <test-method status="PASS" signature="advancedActions()[pri:0, instance:testcases.ActionsClass@57855c9a]" name="advancedActions" duration-ms="10591" started-at="2022-08-09T01:55:35Z" finished-at="2022-08-09T01:55:45Z">
          <reporter-output>
          </reporter-output>
        </test-method> <!-- advancedActions -->
      </class> <!-- testcases.ActionsClass -->
    </test> <!-- Default test -->
  </suite> <!-- Default suite -->
</testng-results>
